<?xml version="1.0" encoding="UTF-8"?>
<testng-results skipped="0" failed="1" ignored="0" total="1" passed="0">
  <reporter-output>
  </reporter-output>
  <suite name="Default suite" duration-ms="10054" started-at="2020-06-04T14:56:31 EDT" finished-at="2020-06-04T14:56:41 EDT">
    <groups>
    </groups>
    <test name="Default test" duration-ms="10054" started-at="2020-06-04T14:56:31 EDT" finished-at="2020-06-04T14:56:41 EDT">
      <class name="com.class02.AssertionDemo">
        <test-method status="PASS" signature="Befor()[pri:0, instance:com.class02.AssertionDemo@7494e528]" name="Befor" is-config="true" duration-ms="9239" started-at="2020-06-04T14:56:31 EDT" finished-at="2020-06-04T14:56:41 EDT">
          <reporter-output>
          </reporter-output>
        </test-method> <!-- Befor -->
        <test-method status="FAIL" signature="test()[pri:0, instance:com.class02.AssertionDemo@7494e528]" name="test" duration-ms="21" started-at="2020-06-04T14:56:41 EDT" finished-at="2020-06-04T14:56:41 EDT">
          <exception class="java.lang.AssertionError">
            <message>
              <![CDATA[expected [Human Management System] but found [Human Management System!!!]]]>
            </message>
            <full-stacktrace>
              <![CDATA[java.lang.AssertionError: expected [Human Management System] but found [Human Management System!!!]
at org.testng.Assert.fail(Assert.java:97)
at org.testng.Assert.assertEqualsImpl(Assert.java:136)
at org.testng.Assert.assertEquals(Assert.java:118)
at org.testng.Assert.assertEquals(Assert.java:575)
at org.testng.Assert.assertEquals(Assert.java:585)
at com.class02.AssertionDemo.test(AssertionDemo.java:29)
at sun.reflect.NativeMethodAccessorImpl.invoke0(Native Method)
at sun.reflect.NativeMethodAccessorImpl.invoke(NativeMethodAccessorImpl.java:62)
at sun.reflect.DelegatingMethodAccessorImpl.invoke(DelegatingMethodAccessorImpl.java:43)
at java.lang.reflect.Method.invoke(Method.java:498)
at org.testng.internal.MethodInvocationHelper.invokeMethod(MethodInvocationHelper.java:135)
at org.testng.internal.TestInvoker.invokeMethod(TestInvoker.java:598)
at org.testng.internal.TestInvoker.invokeTestMethod(TestInvoker.java:174)
at org.testng.internal.MethodRunner.runInSequence(MethodRunner.java:46)
at org.testng.internal.TestInvoker$MethodInvocationAgent.invoke(TestInvoker.java:821)
at org.testng.internal.TestInvoker.invokeTestMethods(TestInvoker.java:147)
at org.testng.internal.TestMethodWorker.invokeTestMethods(TestMethodWorker.java:146)
at org.testng.internal.TestMethodWorker.run(TestMethodWorker.java:128)
at java.util.ArrayList.forEach(ArrayList.java:1257)
at org.testng.TestRunner.privateRun(TestRunner.java:767)
at org.testng.TestRunner.run(TestRunner.java:588)
at org.testng.SuiteRunner.runTest(SuiteRunner.java:384)
at org.testng.SuiteRunner.runSequentially(SuiteRunner.java:378)
at org.testng.SuiteRunner.privateRun(SuiteRunner.java:337)
at org.testng.SuiteRunner.run(SuiteRunner.java:286)
at org.testng.SuiteRunnerWorker.runSuite(SuiteRunnerWorker.java:53)
at org.testng.SuiteRunnerWorker.run(SuiteRunnerWorker.java:96)
at org.testng.TestNG.runSuitesSequentially(TestNG.java:1214)
at org.testng.TestNG.runSuitesLocally(TestNG.java:1136)
at org.testng.TestNG.runSuites(TestNG.java:1066)
at org.testng.TestNG.run(TestNG.java:1034)
at org.testng.remote.AbstractRemoteTestNG.run(AbstractRemoteTestNG.java:115)
at org.testng.remote.RemoteTestNG.initAndRun(RemoteTestNG.java:251)
at org.testng.remote.RemoteTestNG.main(RemoteTestNG.java:77)
]]>
            </full-stacktrace>
          </exception> <!-- java.lang.AssertionError -->
          <reporter-output>
          </reporter-output>
        </test-method> <!-- test -->
        <test-method status="PASS" signature="After()[pri:0, instance:com.class02.AssertionDemo@7494e528]" name="After" is-config="true" duration-ms="748" started-at="2020-06-04T14:56:41 EDT" finished-at="2020-06-04T14:56:41 EDT">
          <reporter-output>
          </reporter-output>
        </test-method> <!-- After -->
      </class> <!-- com.class02.AssertionDemo -->
    </test> <!-- Default test -->
  </suite> <!-- Default suite -->
</testng-results>
